<?xml version="1.0" encoding="UTF-8"?>
<testng-results skipped="0" failed="1" ignored="0" total="1" passed="0">
  <reporter-output>
  </reporter-output>
  <suite name="Default suite" duration-ms="1447" started-at="2021-04-28T01:08:07 EDT" finished-at="2021-04-28T01:08:08 EDT">
    <groups>
    </groups>
    <test name="Default test" duration-ms="1447" started-at="2021-04-28T01:08:07 EDT" finished-at="2021-04-28T01:08:08 EDT">
      <class name="seleniumDemo.LaunchChromeBrowser">
        <test-method status="FAIL" signature="launchChromeBrowser()[pri:0, instance:seleniumDemo.LaunchChromeBrowser@6c49835d]" name="launchChromeBrowser" duration-ms="1424" started-at="2021-04-28T01:08:07 EDT" finished-at="2021-04-28T01:08:08 EDT">
          <exception class="org.openqa.selenium.SessionNotCreatedException">
            <message>
              <![CDATA[session not created: This version of ChromeDriver only supports Chrome version 88
Current browser version is 90.0.4430.93 with binary path C:\Program Files\Google\Chrome\Application\chrome.exe
Build info: version: '3.141.59', revision: 'e82be7d358', time: '2018-11-14T08:17:03'
System info: host: 'LAPTOP-A866F1EA', ip: '10.0.0.172', os.name: 'Windows 10', os.arch: 'amd64', os.version: '10.0', java.version: '1.8.0_171'
Driver info: driver.version: ChromeDriver
remote stacktrace: Backtrace:
GetHandleVerifier [0x00A3B963+483]
GetHandleVerifier [0x00A3B941+449]
GetHandleVerifier [0x00DE3308+3832712]
GetHandleVerifier [0x00DFD69A+3940122]
GetHandleVerifier [0x00DF9AFB+3924859]
GetHandleVerifier [0x00DF7D9C+3917340]
GetHandleVerifier [0x00E1E7FE+4075646]
GetHandleVerifier [0x00E1E56C+4074988]
GetHandleVerifier [0x00E1B2EB+4062059]
GetHandleVerifier [0x00DFED14+3945876]
GetHandleVerifier [0x00DFFBCE+3949646]
GetHandleVerifier [0x00DFFB59+3949529]
Ordinal0 [0x009FB5CC+46540]
Ordinal0 [0x009F9F53+40787]
Ordinal0 [0x009F9B12+39698]
GetHandleVerifier [0x00D01468+2907368]
GetHandleVerifier [0x00B471EE+1096302]
GetHandleVerifier [0x00B03E8D+821005]
GetHandleVerifier [0x00B0396B+819691]
GetHandleVerifier [0x00B03881+819457]
GetHandleVerifier [0x00B2F463+998627]
BaseThreadInitThunk [0x76FAFA29+25]
RtlGetAppContainerNamedObjectPath [0x77AE7A4E+286]
RtlGetAppContainerNamedObjectPath [0x77AE7A1E+238]
]]>
            </message>
            <full-stacktrace>
              <![CDATA[org.openqa.selenium.SessionNotCreatedException: session not created: This version of ChromeDriver only supports Chrome version 88
Current browser version is 90.0.4430.93 with binary path C:\Program Files\Google\Chrome\Application\chrome.exe
Build info: version: '3.141.59', revision: 'e82be7d358', time: '2018-11-14T08:17:03'
System info: host: 'LAPTOP-A866F1EA', ip: '10.0.0.172', os.name: 'Windows 10', os.arch: 'amd64', os.version: '10.0', java.version: '1.8.0_171'
Driver info: driver.version: ChromeDriver
remote stacktrace: Backtrace:
GetHandleVerifier [0x00A3B963+483]
GetHandleVerifier [0x00A3B941+449]
GetHandleVerifier [0x00DE3308+3832712]
GetHandleVerifier [0x00DFD69A+3940122]
GetHandleVerifier [0x00DF9AFB+3924859]
GetHandleVerifier [0x00DF7D9C+3917340]
GetHandleVerifier [0x00E1E7FE+4075646]
GetHandleVerifier [0x00E1E56C+4074988]
GetHandleVerifier [0x00E1B2EB+4062059]
GetHandleVerifier [0x00DFED14+3945876]
GetHandleVerifier [0x00DFFBCE+3949646]
GetHandleVerifier [0x00DFFB59+3949529]
Ordinal0 [0x009FB5CC+46540]
Ordinal0 [0x009F9F53+40787]
Ordinal0 [0x009F9B12+39698]
GetHandleVerifier [0x00D01468+2907368]
GetHandleVerifier [0x00B471EE+1096302]
GetHandleVerifier [0x00B03E8D+821005]
GetHandleVerifier [0x00B0396B+819691]
GetHandleVerifier [0x00B03881+819457]
GetHandleVerifier [0x00B2F463+998627]
BaseThreadInitThunk [0x76FAFA29+25]
RtlGetAppContainerNamedObjectPath [0x77AE7A4E+286]
RtlGetAppContainerNamedObjectPath [0x77AE7A1E+238]

at sun.reflect.NativeConstructorAccessorImpl.newInstance0(Native Method)
at sun.reflect.NativeConstructorAccessorImpl.newInstance(NativeConstructorAccessorImpl.java:62)
at sun.reflect.DelegatingConstructorAccessorImpl.newInstance(DelegatingConstructorAccessorImpl.java:45)
at java.lang.reflect.Constructor.newInstance(Constructor.java:423)
at org.openqa.selenium.remote.W3CHandshakeResponse.lambda$errorHandler$0(W3CHandshakeResponse.java:62)
at org.openqa.selenium.remote.HandshakeResponse.lambda$getResponseFunction$0(HandshakeResponse.java:30)
at org.openqa.selenium.remote.ProtocolHandshake.lambda$createSession$0(ProtocolHandshake.java:126)
at java.util.stream.ReferencePipeline$3$1.accept(ReferencePipeline.java:193)
at java.util.Spliterators$ArraySpliterator.tryAdvance(Spliterators.java:958)
at java.util.stream.ReferencePipeline.forEachWithCancel(ReferencePipeline.java:126)
at java.util.stream.AbstractPipeline.copyIntoWithCancel(AbstractPipeline.java:498)
at java.util.stream.AbstractPipeline.copyInto(AbstractPipeline.java:485)
at java.util.stream.AbstractPipeline.wrapAndCopyInto(AbstractPipeline.java:471)
at java.util.stream.FindOps$FindOp.evaluateSequential(FindOps.java:152)
at java.util.stream.AbstractPipeline.evaluate(AbstractPipeline.java:234)
at java.util.stream.ReferencePipeline.findFirst(ReferencePipeline.java:464)
at org.openqa.selenium.remote.ProtocolHandshake.createSession(ProtocolHandshake.java:128)
at org.openqa.selenium.remote.ProtocolHandshake.createSession(ProtocolHandshake.java:74)
at org.openqa.selenium.remote.HttpCommandExecutor.execute(HttpCommandExecutor.java:136)
at org.openqa.selenium.remote.service.DriverCommandExecutor.execute(DriverCommandExecutor.java:83)
at org.openqa.selenium.remote.RemoteWebDriver.execute(RemoteWebDriver.java:552)
at org.openqa.selenium.remote.RemoteWebDriver.startSession(RemoteWebDriver.java:213)
at org.openqa.selenium.remote.RemoteWebDriver.<init>(RemoteWebDriver.java:131)
at org.openqa.selenium.chrome.ChromeDriver.<init>(ChromeDriver.java:181)
at org.openqa.selenium.chrome.ChromeDriver.<init>(ChromeDriver.java:168)
at org.openqa.selenium.chrome.ChromeDriver.<init>(ChromeDriver.java:123)
at seleniumDemo.LaunchChromeBrowser.launchChromeBrowser(LaunchChromeBrowser.java:18)
at sun.reflect.NativeMethodAccessorImpl.invoke0(Native Method)
at sun.reflect.NativeMethodAccessorImpl.invoke(NativeMethodAccessorImpl.java:62)
at sun.reflect.DelegatingMethodAccessorImpl.invoke(DelegatingMethodAccessorImpl.java:43)
at java.lang.reflect.Method.invoke(Method.java:498)
at org.testng.internal.MethodInvocationHelper.invokeMethod(MethodInvocationHelper.java:133)
at org.testng.internal.TestInvoker.invokeMethod(TestInvoker.java:584)
at org.testng.internal.TestInvoker.invokeTestMethod(TestInvoker.java:172)
at org.testng.internal.MethodRunner.runInSequence(MethodRunner.java:46)
at org.testng.internal.TestInvoker$MethodInvocationAgent.invoke(TestInvoker.java:804)
at org.testng.internal.TestInvoker.invokeTestMethods(TestInvoker.java:145)
at org.testng.internal.TestMethodWorker.invokeTestMethods(TestMethodWorker.java:146)
at org.testng.internal.TestMethodWorker.run(TestMethodWorker.java:128)
at java.util.ArrayList.forEach(ArrayList.java:1257)
at org.testng.TestRunner.privateRun(TestRunner.java:770)
at org.testng.TestRunner.run(TestRunner.java:591)
at org.testng.SuiteRunner.runTest(SuiteRunner.java:402)
at org.testng.SuiteRunner.runSequentially(SuiteRunner.java:396)
at org.testng.SuiteRunner.privateRun(SuiteRunner.java:355)
at org.testng.SuiteRunner.run(SuiteRunner.java:304)
at org.testng.SuiteRunnerWorker.runSuite(SuiteRunnerWorker.java:53)
at org.testng.SuiteRunnerWorker.run(SuiteRunnerWorker.java:96)
at org.testng.TestNG.runSuitesSequentially(TestNG.java:1180)
at org.testng.TestNG.runSuitesLocally(TestNG.java:1102)
at org.testng.TestNG.runSuites(TestNG.java:1032)
at org.testng.TestNG.run(TestNG.java:1000)
at org.testng.remote.AbstractRemoteTestNG.run(AbstractRemoteTestNG.java:115)
at org.testng.remote.RemoteTestNG.initAndRun(RemoteTestNG.java:251)
at org.testng.remote.RemoteTestNG.main(RemoteTestNG.java:77)
]]>
            </full-stacktrace>
          </exception> <!-- org.openqa.selenium.SessionNotCreatedException -->
          <reporter-output>
          </reporter-output>
        </test-method> <!-- launchChromeBrowser -->
      </class> <!-- seleniumDemo.LaunchChromeBrowser -->
    </test> <!-- Default test -->
  </suite> <!-- Default suite -->
</testng-results>
